INFO:root:JudgeHoldenn sent a tweet with meanness level 10:
	@marievonastra @FalseNobody shes a dumb jew cunt liberal city whore. Of course thwts what she thinks. No sense of irony.

INFO:root:xSvrmz sent a tweet with meanness level 10:
	@retcin show me a picture of u you black cunt

INFO:root:fulgore1973 sent a tweet with meanness level 10:
	@tonyblairoffice Get back to the middle east, you cunt. Brexit will go through, people won't change their minds. Fuck you.

INFO:root:shanepeagram sent a tweet with meanness level 10:
	@TheLastLeg #cunt say it last leg

INFO:root:markgrimshaw16 sent a tweet with meanness level 10:
	Don't know why @TheLastLeg apologised for @JefficaHoons saying "cunt". It was entirely justified, and far enough after the watershed.

INFO:root:anoncitizenhere sent a tweet with meanness level 10:
	Nobody should be "offended" at Jessica Hynes saying that #Farage is "cunt", because he IS &amp; @TheLastLeg is on after 10pm FFS!!

INFO:root:KatyNewms sent a tweet with meanness level 10:
	@TheLastLeg @JefficaHoons Respect! Using the word cunt when describing Trump &amp; Pence #TheLastLeg

INFO:root:Culbert_Report sent a tweet with meanness level 10:
	Quality people. At every level of @EssendonFC.  From the leadership to the supporters. https://t.co/JFgFDbZZxi

INFO:root:dumbmongreldog sent a tweet with meanness level 10:
	@irlchuggo he's tedious but he's no Cunt Paul

INFO:root:DeaganPotter sent a tweet with meanness level 10:
	@LouisPoyserr shut up you fat cunt

